<?xml version="1.0" encoding="UTF-8"?>
<!-- Generated by org.testng.reporters.JUnitReportReporter -->
<testsuite skipped="0" hostname="Arun-PC" name="pagefactorytestcases.MergeLeadsUsingPageObjectModel" tests="1" failures="0" timestamp="05 Oct 2018 02:22:57 GMT" time="14.593" errors="0">
  <testcase name="Login" time="14.593" classname="pagefactorytestcases.MergeLeadsUsingPageObjectModel"/>
</testsuite> <!-- pagefactorytestcases.MergeLeadsUsingPageObjectModel -->
