<?xml version="1.0" encoding="UTF-8"?>
<!-- Generated by org.testng.reporters.JUnitReportReporter -->
<testsuite skipped="1" hostname="Arun-PC" name="groups.EditLead" tests="1" failures="0" timestamp="25 Feb 2019 11:40:03 GMT" time="0.000" errors="0">
  <testcase name="login" time="0.000" classname="groups.EditLead">
    <skipped/>
  </testcase> <!-- login -->
</testsuite> <!-- groups.EditLead -->
