<?xml version="1.0" encoding="UTF-8"?>
<!-- Generated by org.testng.reporters.JUnitReportReporter -->
<testsuite skipped="0" hostname="Arun-PC" name="pagefactorytestcases.EditLeadUsingpageobjectmodel" tests="1" failures="0" timestamp="04 Oct 2018 17:35:53 GMT" time="28.434" errors="0">
  <testcase name="Login" time="28.434" classname="pagefactorytestcases.EditLeadUsingpageobjectmodel"/>
</testsuite> <!-- pagefactorytestcases.EditLeadUsingpageobjectmodel -->
