<?xml version="1.0" encoding="UTF-8"?>
<!-- Generated by org.testng.reporters.JUnitReportReporter -->
<testsuite skipped="0" hostname="Arun-PC" name="pagefactory.LoginAndLogout" tests="1" failures="0" timestamp="29 Sep 2018 13:19:36 GMT" time="35.117" errors="0">
  <testcase name="Login" time="35.117" classname="pagefactory.LoginAndLogout"/>
</testsuite> <!-- pagefactory.LoginAndLogout -->
