<?xml version="1.0" encoding="UTF-8"?>
<!-- Generated by org.testng.reporters.JUnitReportReporter -->
<testsuite skipped="0" hostname="Arun-PC" name="pagefactorytestcases.LoginAndLogout" tests="1" failures="0" timestamp="04 Oct 2018 17:01:44 GMT" time="21.983" errors="0">
  <testcase name="Login" time="21.983" classname="pagefactorytestcases.LoginAndLogout"/>
</testsuite> <!-- pagefactorytestcases.LoginAndLogout -->
