<?xml version="1.0" encoding="UTF-8"?>
<!-- Generated by org.testng.reporters.JUnitReportReporter -->
<testsuite skipped="0" hostname="Arun-PC" name="NewProject.ZoomCarBookingcopied" tests="1" failures="0" timestamp="18 Sep 2018 02:38:03 GMT" time="29.934" errors="0">
  <testcase name="ZoomCarAutomation" time="29.934" classname="NewProject.ZoomCarBookingcopied"/>
</testsuite> <!-- NewProject.ZoomCarBookingcopied -->
